# JRE version: OpenJDK Runtime Environment (21.0.4) (build 21.0.4+-12508038-b607.1)
# Java VM: OpenJDK 64-Bit Server VM (21.0.4+-12508038-b607.1, mixed mode, tiered, compressed oops, compressed class ptrs, g1 gc, windows-amd64)
GC Precious Log:
 CardTable entry size: 512
 Card Set container configuration: InlinePtr #cards 5 size 8 Array Of Cards #cards 12 size 40 Howl #buckets 4 coarsen threshold 1843 Howl Bitmap #cards 512 size 80 coarsen threshold 460 Card regions per heap region 1 cards per card region 2048
 CPUs: 8 total, 8 available
 Memory: 14157M
 Large Page Support: Disabled
 NUMA Support: Disabled
 Compressed Oops: Enabled (32-bit)
 Heap Region Size: 1M
 Heap Min Capacity: 8M
 Heap Initial Capacity: 222M
 Heap Max Capacity: 2G
 Pre-touch: Disabled
 Parallel Workers: 8
 Concurrent Workers: 2
 Concurrent Refinement Workers: 8
 Periodic GC: Disabled
Heap:
 garbage-first heap   total 95232K, used 48002K [0x0000000080000000, 0x0000000100000000)
  region size 1024K, 4 young (4096K), 4 survivors (4096K)
 Metaspace       used 63981K, committed 65664K, reserved 1114112K
  class space    used 8621K, committed 9472K, reserved 1048576K
GC Heap History (20 events):
Event: 3.452 GC heap after
{Heap after GC invocations=4 (full 0):
 garbage-first heap   total 227328K, used 21590K [0x0000000080000000, 0x0000000100000000)
  region size 1024K, 10 young (10240K), 10 survivors (10240K)
 Metaspace       used 21148K, committed 21504K, reserved 1114112K
  class space    used 2442K, committed 2624K, reserved 1048576K
}
Event: 4.693 GC heap before
{Heap before GC invocations=5 (full 0):
 garbage-first heap   total 75776K, used 73814K [0x0000000080000000, 0x0000000100000000)
  region size 1024K, 62 young (63488K), 10 survivors (10240K)
 Metaspace       used 29716K, committed 30336K, reserved 1114112K
  class space    used 3797K, committed 4096K, reserved 1048576K
}
Event: 4.701 GC heap after
{Heap after GC invocations=6 (full 0):
 garbage-first heap   total 90112K, used 24519K [0x0000000080000000, 0x0000000100000000)
  region size 1024K, 11 young (11264K), 11 survivors (11264K)
 Metaspace       used 29716K, committed 30336K, reserved 1114112K
  class space    used 3797K, committed 4096K, reserved 1048576K
}
Event: 5.622 GC heap before
{Heap before GC invocations=6 (full 0):
 garbage-first heap   total 90112K, used 64455K [0x0000000080000000, 0x0000000100000000)
  region size 1024K, 51 young (52224K), 11 survivors (11264K)
 Metaspace       used 35175K, committed 35968K, reserved 1114112K
  class space    used 4711K, committed 5120K, reserved 1048576K
}
Event: 5.627 GC heap after
{Heap after GC invocations=7 (full 0):
 garbage-first heap   total 90112K, used 26846K [0x0000000080000000, 0x0000000100000000)
  region size 1024K, 6 young (6144K), 6 survivors (6144K)
 Metaspace       used 35175K, committed 35968K, reserved 1114112K
  class space    used 4711K, committed 5120K, reserved 1048576K
}
Event: 5.668 GC heap before
{Heap before GC invocations=7 (full 0):
 garbage-first heap   total 90112K, used 28894K [0x0000000080000000, 0x0000000100000000)
  region size 1024K, 9 young (9216K), 6 survivors (6144K)
 Metaspace       used 35431K, committed 36288K, reserved 1114112K
  class space    used 4755K, committed 5184K, reserved 1048576K
}
Event: 5.671 GC heap after
{Heap after GC invocations=8 (full 0):
 garbage-first heap   total 90112K, used 26788K [0x0000000080000000, 0x0000000100000000)
  region size 1024K, 3 young (3072K), 3 survivors (3072K)
 Metaspace       used 35431K, committed 36288K, reserved 1114112K
  class space    used 4755K, committed 5184K, reserved 1048576K
}
Event: 7.443 GC heap before
{Heap before GC invocations=9 (full 0):
 garbage-first heap   total 90112K, used 75940K [0x0000000080000000, 0x0000000100000000)
  region size 1024K, 52 young (53248K), 3 survivors (3072K)
 Metaspace       used 44495K, committed 45696K, reserved 1114112K
  class space    used 5971K, committed 6592K, reserved 1048576K
}
Event: 7.449 GC heap after
{Heap after GC invocations=10 (full 0):
 garbage-first heap   total 90112K, used 30735K [0x0000000080000000, 0x0000000100000000)
  region size 1024K, 7 young (7168K), 7 survivors (7168K)
 Metaspace       used 44495K, committed 45696K, reserved 1114112K
  class space    used 5971K, committed 6592K, reserved 1048576K
}
Event: 9.120 GC heap before
{Heap before GC invocations=10 (full 0):
 garbage-first heap   total 90112K, used 80911K [0x0000000080000000, 0x0000000100000000)
  region size 1024K, 52 young (53248K), 7 survivors (7168K)
 Metaspace       used 48779K, committed 50048K, reserved 1114112K
  class space    used 6479K, committed 7104K, reserved 1048576K
}
Event: 9.132 GC heap after
{Heap after GC invocations=11 (full 0):
 garbage-first heap   total 95232K, used 34894K [0x0000000080000000, 0x0000000100000000)
  region size 1024K, 5 young (5120K), 5 survivors (5120K)
 Metaspace       used 48779K, committed 50048K, reserved 1114112K
  class space    used 6479K, committed 7104K, reserved 1048576K
}
Event: 10.571 GC heap before
{Heap before GC invocations=11 (full 0):
 garbage-first heap   total 95232K, used 81998K [0x0000000080000000, 0x0000000100000000)
  region size 1024K, 51 young (52224K), 5 survivors (5120K)
 Metaspace       used 53422K, committed 54848K, reserved 1114112K
  class space    used 7189K, committed 7872K, reserved 1048576K
}
Event: 10.576 GC heap after
{Heap after GC invocations=12 (full 0):
 garbage-first heap   total 95232K, used 38008K [0x0000000080000000, 0x0000000100000000)
  region size 1024K, 4 young (4096K), 4 survivors (4096K)
 Metaspace       used 53422K, committed 54848K, reserved 1114112K
  class space    used 7189K, committed 7872K, reserved 1048576K
}
Event: 11.576 GC heap before
{Heap before GC invocations=12 (full 0):
 garbage-first heap   total 95232K, used 74872K [0x0000000080000000, 0x0000000100000000)
  region size 1024K, 40 young (40960K), 4 survivors (4096K)
 Metaspace       used 59135K, committed 60608K, reserved 1114112K
  class space    used 7968K, committed 8704K, reserved 1048576K
}
Event: 11.581 GC heap after
{Heap after GC invocations=13 (full 0):
 garbage-first heap   total 95232K, used 40036K [0x0000000080000000, 0x0000000100000000)
  region size 1024K, 2 young (2048K), 2 survivors (2048K)
 Metaspace       used 59135K, committed 60608K, reserved 1114112K
  class space    used 7968K, committed 8704K, reserved 1048576K
}
Event: 13.125 GC heap before
{Heap before GC invocations=14 (full 0):
 garbage-first heap   total 95232K, used 84068K [0x0000000080000000, 0x0000000100000000)
  region size 1024K, 45 young (46080K), 2 survivors (2048K)
 Metaspace       used 62861K, committed 64512K, reserved 1114112K
  class space    used 8542K, committed 9344K, reserved 1048576K
}
Event: 13.131 GC heap after
{Heap after GC invocations=15 (full 0):
 garbage-first heap   total 95232K, used 44820K [0x0000000080000000, 0x0000000100000000)
  region size 1024K, 6 young (6144K), 6 survivors (6144K)
 Metaspace       used 62861K, committed 64512K, reserved 1114112K
  class space    used 8542K, committed 9344K, reserved 1048576K
}
Event: 13.763 GC heap before
{Heap before GC invocations=15 (full 0):
 garbage-first heap   total 95232K, used 81684K [0x0000000080000000, 0x0000000100000000)
  region size 1024K, 43 young (44032K), 6 survivors (6144K)
 Metaspace       used 63811K, committed 65472K, reserved 1114112K
  class space    used 8621K, committed 9472K, reserved 1048576K
}
Event: 13.770 GC heap after
{Heap after GC invocations=16 (full 0):
 garbage-first heap   total 95232K, used 47227K [0x0000000080000000, 0x0000000100000000)
  region size 1024K, 3 young (3072K), 3 survivors (3072K)
 Metaspace       used 63811K, committed 65472K, reserved 1114112K
  class space    used 8621K, committed 9472K, reserved 1048576K
}
Event: 14.209 GC heap before
{Heap before GC invocations=16 (full 0):
 garbage-first heap   total 95232K, used 84091K [0x0000000080000000, 0x0000000100000000)
  region size 1024K, 40 young (40960K), 3 survivors (3072K)
 Metaspace       used 63981K, committed 65664K, reserved 1114112K
  class space    used 8621K, committed 9472K, reserved 1048576K
}

